48060
110000
61346
20160
245518
26602
221696
802272
185769
424125
76372
89727
290960
190414
60563
48700
144900
246848
70092
132480
19662
29736
66970
334371
424536
85708
119091
108864
66480
30485
54554
104962
15300
78763
26359
60312
110430
29636
24037
111704
26155
34799
14044
240096
201366
122500
12129
9938
527440
68328
113145
191060
240723
30276
237900
47520
171267
320008
46860
37235
176412
57672
288855
43376
103700
134332
107341
171588
47203
39696
282680
241196
104766
180340
592766
32400
27590
64172
22752
238235
31328
75786
73839
296155
40979
314530
626146
46173
16456
327654
72345
29766
77016
366624
79500
59072
92400
4000000000
4000000000
4000000000
