4.000
0.000
0.000
4.800
0.000
0.000
13.037
Impossible
88.053
86.565
92.409
Impossible
121.145
24.935
Impossible
9.000
0.000
31.955
111.387
301.479
56.022
Impossible
1990.959
53.595
744.421
Impossible
164.249
172.554
43.209
Impossible
Impossible
Impossible
44.212
184.699
Impossible
66.996
98.406
62.736
186.224
9.000
Impossible
174.085
Impossible
333.825
264.976
336.836
164.608
712.610
273.056
Impossible
121.000
304.471
0.000
Impossible
Impossible
0.000
417.824
453.288
0.000
0.000
Impossible
Impossible
0.000
0.000
1132.701
129.763
Impossible
Impossible
207.216
169.898
178.954
685.755
195.622
Impossible
0.000
25.000
12.038
Impossible
381.664
63.314
14.472
24.868
287.463
286.685
Impossible
Impossible
35.185
177.076
4.000
0.000
81.000
733.746
0.000
28.050
88.660
423.142
38.841
34.175
4.000
238.452
4.000
102.234
0.000
84.296
9.000
120.469
82.889
172.032
337.978
