Case #1:
 eodh
azc 
b jwykktpraew
bedfrxflvsiz
bszc
czaa 
fyv d
gaqy
hmedjb
hudbtrahzthzxdn io 
k
kw
kwfravemvnrnfpnux
ltohjhbpxsnr byjzbhi
njszabwwvveevxt
q kvlxurkb
qmzahcxjwpheta su
qwbcaxui
sentoztywfdei
sfcgb
tjinsltdeisofmuszwil
uehwftddijdupqqt
vxawrecvijotnqplh
xsm tzokryf
yung fakocmaqqezkwu
zxbzmwvqfdggb
Case #2:
blwytpxhibxhvncqbca
bszc
czaa 
edshkinblwkxpnzj
hmedjb
ji
jxswhevwct
njszabwwvveevxt
qmzahcxjwpheta su
qwbcaxui
sfcgb
tjinsltdeisofmuszwil
uojfhfzhcvhjzp
upkje
wtt yjujv
xsm tzokryf
yung fakocmaqqezkwu
z
zp
Case #3:
azc 
bfdmnphqdozkdpqvys
ceyxmbxonzy
dmiwfousoxa
fg
fyv d
gaqy
gnztncrytv
hwtrbifmqaylbxblo
k n arnyezjolb
pg
qfakacxpyu
ujwsfemsxjisemkrnax
upkje
wtt yjujv
xqbds
z
zp
zrsjnctacn bspepll
Case #4:
advupdbc
bbg clk
bedfrxflvsiz
bfdmnphqdozkdpqvys
blwytpxhibxhvncqbca
ceyxmbxonzy
cipbh
czaa 
davtblcmhpybxe
dmiwfousoxa
edshkinblwkxpnzj
febznhjvfxpgqnskthx
fyv d
gaqy
gfyeyh
gxksg
hmedjb
hudbtrahzthzxdn io 
izrqngwtwpqqc
ji
jxswhevwct
kwfravemvnrnfpnux
ltohjhbpxsnr byjzbhi
mibozuxtj
n lbkorjbyvutkftgl
njszabwwvveevxt
pv
qfakacxpyu
qmzahcxjwpheta su
sdco
tjinsltdeisofmuszwil
udg
uehwftddijdupqqt
ujlzkknrsdrvogx
uojfhfzhcvhjzp
upkje
vxawrecvijotnqplh
wtt yjujv
yung fakocmaqqezkwu
z
zqejfxt
Case #5:
 eodh
advupdbc
azc 
b jwykktpraew
bbg clk
bedfrxflvsiz
bfdmnphqdozkdpqvys
blwytpxhibxhvncqbca
bszc
cipbh
czaa 
davtblcmhpybxe
edshkinblwkxpnzj
fg
fyv d
gaqy
gfyeyh
gnztncrytv
hmedjb
hudbtrahzthzxdn io 
hwtrbifmqaylbxblo
isrnyeyphmxj tcyv
ji
jxswhevwct
k
k n arnyezjolb
kw
kwfravemvnrnfpnux
kzckqyokr
llhrqgqhalwgehv
ltohjhbpxsnr byjzbhi
mibozuxtj
njszabwwvveevxt
p rjqddille
pg
q kvlxurkb
qfakacxpyu
qh
qmzahcxjwpheta su
qwbcaxui
rxvagdu vwfoq
sdco
sentoztywfdei
sfcgb
udg
uehwftddijdupqqt
ujlzkknrsdrvogx
uojfhfzhcvhjzp
vqbeuf qrzt
vxawrecvijotnqplh
xqbds
yxxdqkuqq
zp
zqejfxt
zrsjnctacn bspepll
zxbzmwvqfdggb
Case #6:
 eodh
advupdbc
azc 
bbg clk
bfdmnphqdozkdpqvys
ceyxmbxonzy
czaa 
davtblcmhpybxe
dmiwfousoxa
edshkinblwkxpnzj
fg
fyv d
gnztncrytv
gqm
hmedjb
hwtrbifmqaylbxblo
isrnyeyphmxj tcyv
izrqngwtwpqqc
jjhorffsfgcjjx
jxswhevwct
k
k n arnyezjolb
kw
llhrqgqhalwgehv
mibozuxtj
njszabwwvveevxt
pg
q kvlxurkb
qfakacxpyu
qh
qmzahcxjwpheta su
rxvagdu vwfoq
sdco
tjinsltdeisofmuszwil
udg
uehwftddijdupqqt
uojfhfzhcvhjzp
vb
vqbeuf qrzt
xqbds
xsm tzokryf
yung fakocmaqqezkwu
yxxdqkuqq
z
zrsjnctacn bspepll
Case #7:
azc 
b jwykktpraew
ceyxmbxonzy
davtblcmhpybxe
hmedjb
hwtrbifmqaylbxblo
k
llhrqgqhalwgehv
p rjqddille
q kvlxurkb
qh
qmzahcxjwpheta su
rxvagdu vwfoq
sentoztywfdei
uojfhfzhcvhjzp
upkje
vb
xsm tzokryf
z
zxbzmwvqfdggb
Case #8:
 eodh
advupdbc
azc 
b jwykktpraew
bbg clk
bedfrxflvsiz
bfdmnphqdozkdpqvys
blwytpxhibxhvncqbca
bszc
ceyxmbxonzy
cipbh
czaa 
dmiwfousoxa
febznhjvfxpgqnskthx
fg
fyv d
gaqy
gfyeyh
gnztncrytv
gqm
gxksg
hmedjb
hudbtrahzthzxdn io 
hvmrlelaitbazgeel
hwtrbifmqaylbxblo
izrqngwtwpqqc
ji
jjhorffsfgcjjx
jxswhevwct
k
k n arnyezjolb
kw
kwfravemvnrnfpnux
kzckqyokr
njszabwwvveevxt
p rjqddille
pg
pv
qh
qmzahcxjwpheta su
rxvagdu vwfoq
sdco
sentoztywfdei
sfcgb
tjinsltdeisofmuszwil
udg
uehwftddijdupqqt
ujwsfemsxjisemkrnax
uojfhfzhcvhjzp
upkje
vb
vxawrecvijotnqplh
wtt yjujv
xqbds
xsm tzokryf
yung fakocmaqqezkwu
z
zp
zqejfxt
zrsjnctacn bspepll
zxbzmwvqfdggb
Case #9:
azc 
blwytpxhibxhvncqbca
bszc
febznhjvfxpgqnskthx
fg
fyv d
gqm
hmedjb
k
k n arnyezjolb
qfakacxpyu
qmzahcxjwpheta su
sfcgb
ujlzkknrsdrvogx
ujwsfemsxjisemkrnax
upkje
vb
wtt yjujv
zp
Case #10:
b jwykktpraew
blwytpxhibxhvncqbca
bszc
cipbh
febznhjvfxpgqnskthx
fyv d
gfyeyh
hvmrlelaitbazgeel
ji
jjhorffsfgcjjx
jxswhevwct
ltohjhbpxsnr byjzbhi
n lbkorjbyvutkftgl
qh
qwbcaxui
sfcgb
udg
ujwsfemsxjisemkrnax
wtt yjujv
xqbds
yxxdqkuqq
Case #11:
 eodh
advupdbc
azc 
b jwykktpraew
bbg clk
bedfrxflvsiz
bfdmnphqdozkdpqvys
bszc
cipbh
dmiwfousoxa
edshkinblwkxpnzj
febznhjvfxpgqnskthx
gaqy
gfyeyh
gnztncrytv
gqm
gxksg
hmedjb
hudbtrahzthzxdn io 
hvmrlelaitbazgeel
hwtrbifmqaylbxblo
isrnyeyphmxj tcyv
jjhorffsfgcjjx
jxswhevwct
k
k n arnyezjolb
kw
kwfravemvnrnfpnux
kzckqyokr
llhrqgqhalwgehv
ltohjhbpxsnr byjzbhi
mibozuxtj
n lbkorjbyvutkftgl
njszabwwvveevxt
p rjqddille
pg
pv
q kvlxurkb
qfakacxpyu
qmzahcxjwpheta su
rxvagdu vwfoq
sfcgb
tjinsltdeisofmuszwil
udg
uehwftddijdupqqt
ujlzkknrsdrvogx
ujwsfemsxjisemkrnax
uojfhfzhcvhjzp
upkje
vb
vqbeuf qrzt
vxawrecvijotnqplh
wtt yjujv
xqbds
yxxdqkuqq
zp
zqejfxt
zrsjnctacn bspepll
zxbzmwvqfdggb
Case #12:
 eodh
advupdbc
azc 
b jwykktpraew
bbg clk
bfdmnphqdozkdpqvys
blwytpxhibxhvncqbca
bszc
ceyxmbxonzy
czaa 
davtblcmhpybxe
edshkinblwkxpnzj
febznhjvfxpgqnskthx
fg
fyv d
gaqy
gnztncrytv
gqm
gxksg
hvmrlelaitbazgeel
hwtrbifmqaylbxblo
irxnrvpf
isrnyeyphmxj tcyv
izrqngwtwpqqc
ji
jxswhevwct
k
k n arnyezjolb
kw
kwfravemvnrnfpnux
kzckqyokr
llhrqgqhalwgehv
ltohjhbpxsnr byjzbhi
mibozuxtj
n lbkorjbyvutkftgl
njszabwwvveevxt
p rjqddille
pg
pv
q kvlxurkb
qfakacxpyu
qh
qmzahcxjwpheta su
qwbcaxui
rxvagdu vwfoq
sdco
sentoztywfdei
sfcgb
tjinsltdeisofmuszwil
udg
uehwftddijdupqqt
ujlzkknrsdrvogx
ujwsfemsxjisemkrnax
uojfhfzhcvhjzp
upkje
vb
vxawrecvijotnqplh
wtt yjujv
xqbds
xsm tzokryf
yung fakocmaqqezkwu
z
zp
zqejfxt
zrsjnctacn bspepll
zxbzmwvqfdggb
Case #13:
advupdbc
azc 
b jwykktpraew
bbg clk
bedfrxflvsiz
bfdmnphqdozkdpqvys
blwytpxhibxhvncqbca
bszc
ceyxmbxonzy
cipbh
davtblcmhpybxe
dmiwfousoxa
febznhjvfxpgqnskthx
fg
gaqy
gfyeyh
gnztncrytv
gqm
hudbtrahzthzxdn io 
hvmrlelaitbazgeel
hwtrbifmqaylbxblo
irxnrvpf
isrnyeyphmxj tcyv
ji
jxswhevwct
k
k n arnyezjolb
kw
kwfravemvnrnfpnux
ltohjhbpxsnr byjzbhi
mibozuxtj
n lbkorjbyvutkftgl
njszabwwvveevxt
pv
q kvlxurkb
qfakacxpyu
qh
qmzahcxjwpheta su
qwbcaxui
rxvagdu vwfoq
sdco
sentoztywfdei
sfcgb
udg
uehwftddijdupqqt
ujlzkknrsdrvogx
ujwsfemsxjisemkrnax
uojfhfzhcvhjzp
upkje
vb
vqbeuf qrzt
vxawrecvijotnqplh
wtt yjujv
xqbds
xsm tzokryf
yung fakocmaqqezkwu
z
zp
zrsjnctacn bspepll
Case #14:
 eodh
azc 
bfdmnphqdozkdpqvys
bszc
ceyxmbxonzy
czaa 
davtblcmhpybxe
fyv d
gaqy
gfyeyh
gnztncrytv
gxksg
hmedjb
hudbtrahzthzxdn io 
hvmrlelaitbazgeel
hwtrbifmqaylbxblo
irxnrvpf
isrnyeyphmxj tcyv
ji
jjhorffsfgcjjx
k n arnyezjolb
kwfravemvnrnfpnux
llhrqgqhalwgehv
n lbkorjbyvutkftgl
njszabwwvveevxt
p rjqddille
pg
pv
qh
tjinsltdeisofmuszwil
udg
uehwftddijdupqqt
ujwsfemsxjisemkrnax
uojfhfzhcvhjzp
vqbeuf qrzt
yxxdqkuqq
z
zqejfxt
Case #15:
advupdbc
azc 
b jwykktpraew
bbg clk
bedfrxflvsiz
bfdmnphqdozkdpqvys
blwytpxhibxhvncqbca
bszc
cipbh
davtblcmhpybxe
dmiwfousoxa
edshkinblwkxpnzj
fg
fyv d
gaqy
gnztncrytv
gqm
gxksg
hmedjb
hudbtrahzthzxdn io 
hvmrlelaitbazgeel
hwtrbifmqaylbxblo
isrnyeyphmxj tcyv
ji
jjhorffsfgcjjx
jxswhevwct
k
k n arnyezjolb
kw
kwfravemvnrnfpnux
llhrqgqhalwgehv
ltohjhbpxsnr byjzbhi
mibozuxtj
n lbkorjbyvutkftgl
pv
q kvlxurkb
qh
qwbcaxui
rxvagdu vwfoq
sdco
sentoztywfdei
sfcgb
udg
uehwftddijdupqqt
ujlzkknrsdrvogx
ujwsfemsxjisemkrnax
uojfhfzhcvhjzp
upkje
vb
vxawrecvijotnqplh
wtt yjujv
xqbds
xsm tzokryf
yung fakocmaqqezkwu
yxxdqkuqq
z
zrsjnctacn bspepll
zxbzmwvqfdggb
Case #16:
b jwykktpraew
bfdmnphqdozkdpqvys
blwytpxhibxhvncqbca
czaa 
dmiwfousoxa
fg
gqm
hudbtrahzthzxdn io 
hvmrlelaitbazgeel
hwtrbifmqaylbxblo
k n arnyezjolb
kw
kwfravemvnrnfpnux
kzckqyokr
ltohjhbpxsnr byjzbhi
mibozuxtj
njszabwwvveevxt
pv
q kvlxurkb
qfakacxpyu
qwbcaxui
sfcgb
tjinsltdeisofmuszwil
vb
z
zrsjnctacn bspepll
zxbzmwvqfdggb
Case #17:
 eodh
advupdbc
azc 
b jwykktpraew
bbg clk
czaa 
dmiwfousoxa
edshkinblwkxpnzj
febznhjvfxpgqnskthx
fyv d
gaqy
gnztncrytv
gqm
gxksg
hmedjb
hvmrlelaitbazgeel
hwtrbifmqaylbxblo
irxnrvpf
isrnyeyphmxj tcyv
izrqngwtwpqqc
ji
jjhorffsfgcjjx
jxswhevwct
k
kw
kwfravemvnrnfpnux
kzckqyokr
llhrqgqhalwgehv
ltohjhbpxsnr byjzbhi
mibozuxtj
njszabwwvveevxt
p rjqddille
pg
q kvlxurkb
qfakacxpyu
qmzahcxjwpheta su
qwbcaxui
rxvagdu vwfoq
sentoztywfdei
sfcgb
tjinsltdeisofmuszwil
uehwftddijdupqqt
ujwsfemsxjisemkrnax
uojfhfzhcvhjzp
upkje
vb
vqbeuf qrzt
xqbds
yxxdqkuqq
z
zqejfxt
zxbzmwvqfdggb
Case #18:
 eodh
advupdbc
azc 
b jwykktpraew
bbg clk
bedfrxflvsiz
bfdmnphqdozkdpqvys
bszc
ceyxmbxonzy
cipbh
czaa 
dmiwfousoxa
edshkinblwkxpnzj
febznhjvfxpgqnskthx
fg
gfyeyh
gqm
gxksg
hudbtrahzthzxdn io 
hvmrlelaitbazgeel
hwtrbifmqaylbxblo
irxnrvpf
izrqngwtwpqqc
ji
jxswhevwct
k
k n arnyezjolb
kw
kwfravemvnrnfpnux
n lbkorjbyvutkftgl
p rjqddille
pg
pv
q kvlxurkb
qfakacxpyu
qh
qmzahcxjwpheta su
qwbcaxui
rxvagdu vwfoq
sdco
sentoztywfdei
sfcgb
tjinsltdeisofmuszwil
udg
uehwftddijdupqqt
ujlzkknrsdrvogx
uojfhfzhcvhjzp
upkje
vb
vqbeuf qrzt
vxawrecvijotnqplh
xqbds
xsm tzokryf
yxxdqkuqq
z
zp
zqejfxt
zrsjnctacn bspepll
zxbzmwvqfdggb
Case #19:
 eodh
advupdbc
azc 
bfdmnphqdozkdpqvys
ceyxmbxonzy
fg
gaqy
gqm
gxksg
ji
k
k n arnyezjolb
llhrqgqhalwgehv
ltohjhbpxsnr byjzbhi
njszabwwvveevxt
p rjqddille
qmzahcxjwpheta su
rxvagdu vwfoq
sfcgb
uojfhfzhcvhjzp
wtt yjujv
yxxdqkuqq
z
zp
zrsjnctacn bspepll
zxbzmwvqfdggb
Case #20:
 eodh
azc 
b jwykktpraew
bbg clk
bfdmnphqdozkdpqvys
blwytpxhibxhvncqbca
bszc
ceyxmbxonzy
cipbh
czaa 
davtblcmhpybxe
dmiwfousoxa
edshkinblwkxpnzj
febznhjvfxpgqnskthx
fg
gaqy
gfyeyh
gnztncrytv
gqm
hmedjb
hudbtrahzthzxdn io 
hvmrlelaitbazgeel
hwtrbifmqaylbxblo
irxnrvpf
isrnyeyphmxj tcyv
ji
jjhorffsfgcjjx
jxswhevwct
k
k n arnyezjolb
kw
kwfravemvnrnfpnux
kzckqyokr
ltohjhbpxsnr byjzbhi
mibozuxtj
njszabwwvveevxt
p rjqddille
pg
q kvlxurkb
qfakacxpyu
qh
qmzahcxjwpheta su
rxvagdu vwfoq
sdco
udg
uehwftddijdupqqt
ujlzkknrsdrvogx
uojfhfzhcvhjzp
upkje
vqbeuf qrzt
vxawrecvijotnqplh
wtt yjujv
xqbds
xsm tzokryf
yung fakocmaqqezkwu
yxxdqkuqq
zp
zqejfxt
zrsjnctacn bspepll
zxbzmwvqfdggb
Case #21:
cipbh
czaa 
gfyeyh
gnztncrytv
hmedjb
hudbtrahzthzxdn io 
kzckqyokr
ltohjhbpxsnr byjzbhi
sfcgb
udg
wtt yjujv
yung fakocmaqqezkwu
z
zqejfxt
Case #22:
 eodh
advupdbc
bbg clk
bfdmnphqdozkdpqvys
bszc
davtblcmhpybxe
dmiwfousoxa
febznhjvfxpgqnskthx
fyv d
gfyeyh
gnztncrytv
hmedjb
izrqngwtwpqqc
ji
jjhorffsfgcjjx
k
k n arnyezjolb
kwfravemvnrnfpnux
n lbkorjbyvutkftgl
njszabwwvveevxt
pg
q kvlxurkb
qh
qwbcaxui
sentoztywfdei
sfcgb
udg
vxawrecvijotnqplh
xsm tzokryf
zxbzmwvqfdggb
Case #23:
 eodh
azc 
bbg clk
bfdmnphqdozkdpqvys
ceyxmbxonzy
davtblcmhpybxe
dmiwfousoxa
gfyeyh
gxksg
hvmrlelaitbazgeel
izrqngwtwpqqc
jjhorffsfgcjjx
jxswhevwct
kzckqyokr
p rjqddille
qmzahcxjwpheta su
sfcgb
udg
uojfhfzhcvhjzp
upkje
vqbeuf qrzt
zrsjnctacn bspepll
Case #24:
czaa 
febznhjvfxpgqnskthx
fg
hudbtrahzthzxdn io 
irxnrvpf
izrqngwtwpqqc
ji
njszabwwvveevxt
qmzahcxjwpheta su
uehwftddijdupqqt
upkje
vb
vqbeuf qrzt
xsm tzokryf
zqejfxt
Case #25:
cipbh
edshkinblwkxpnzj
pv
sfcgb
Case #26:
advupdbc
gfyeyh
hudbtrahzthzxdn io 
hwtrbifmqaylbxblo
kwfravemvnrnfpnux
kzckqyokr
llhrqgqhalwgehv
pg
qfakacxpyu
qwbcaxui
udg
uehwftddijdupqqt
upkje
vqbeuf qrzt
yung fakocmaqqezkwu
yxxdqkuqq
zrsjnctacn bspepll
Case #27:
 eodh
advupdbc
azc 
bedfrxflvsiz
blwytpxhibxhvncqbca
bszc
ceyxmbxonzy
czaa 
davtblcmhpybxe
dmiwfousoxa
edshkinblwkxpnzj
febznhjvfxpgqnskthx
fyv d
gaqy
gfyeyh
gxksg
hmedjb
hvmrlelaitbazgeel
hwtrbifmqaylbxblo
irxnrvpf
ji
k
k n arnyezjolb
kwfravemvnrnfpnux
kzckqyokr
llhrqgqhalwgehv
mibozuxtj
n lbkorjbyvutkftgl
p rjqddille
pg
pv
q kvlxurkb
qfakacxpyu
qh
qwbcaxui
sentoztywfdei
sfcgb
tjinsltdeisofmuszwil
udg
ujlzkknrsdrvogx
ujwsfemsxjisemkrnax
upkje
vqbeuf qrzt
vxawrecvijotnqplh
wtt yjujv
xqbds
yung fakocmaqqezkwu
yxxdqkuqq
zp
zrsjnctacn bspepll
zxbzmwvqfdggb
Case #28:
azc 
bedfrxflvsiz
bfdmnphqdozkdpqvys
blwytpxhibxhvncqbca
ceyxmbxonzy
czaa 
febznhjvfxpgqnskthx
fg
fyv d
gnztncrytv
gqm
hmedjb
hudbtrahzthzxdn io 
hvmrlelaitbazgeel
isrnyeyphmxj tcyv
k
ltohjhbpxsnr byjzbhi
n lbkorjbyvutkftgl
pg
pv
q kvlxurkb
sentoztywfdei
udg
ujlzkknrsdrvogx
upkje
xsm tzokryf
yung fakocmaqqezkwu
yxxdqkuqq
z
zqejfxt
zrsjnctacn bspepll
zxbzmwvqfdggb
Case #29:
 eodh
azc 
b jwykktpraew
bbg clk
bszc
cipbh
febznhjvfxpgqnskthx
fg
fyv d
gnztncrytv
gqm
hmedjb
hudbtrahzthzxdn io 
hwtrbifmqaylbxblo
isrnyeyphmxj tcyv
ji
k
k n arnyezjolb
kzckqyokr
ltohjhbpxsnr byjzbhi
mibozuxtj
ujlzkknrsdrvogx
ujwsfemsxjisemkrnax
upkje
vqbeuf qrzt
wtt yjujv
z
zp
Case #30:
advupdbc
b jwykktpraew
blwytpxhibxhvncqbca
cipbh
edshkinblwkxpnzj
gqm
hvmrlelaitbazgeel
jjhorffsfgcjjx
k n arnyezjolb
kw
kwfravemvnrnfpnux
n lbkorjbyvutkftgl
pg
q kvlxurkb
qmzahcxjwpheta su
qwbcaxui
sentoztywfdei
sfcgb
zqejfxt
Case #31:
b jwykktpraew
ceyxmbxonzy
dmiwfousoxa
fg
fyv d
gqm
gxksg
hvmrlelaitbazgeel
irxnrvpf
kw
kzckqyokr
llhrqgqhalwgehv
mibozuxtj
qfakacxpyu
qwbcaxui
ujlzkknrsdrvogx
Case #32:
bbg clk
czaa 
edshkinblwkxpnzj
febznhjvfxpgqnskthx
gqm
hwtrbifmqaylbxblo
izrqngwtwpqqc
ji
jjhorffsfgcjjx
k n arnyezjolb
kw
kzckqyokr
pv
q kvlxurkb
qh
qwbcaxui
sdco
sentoztywfdei
sfcgb
tjinsltdeisofmuszwil
uojfhfzhcvhjzp
upkje
zp
zqejfxt
Case #33:
 eodh
azc 
b jwykktpraew
bbg clk
bfdmnphqdozkdpqvys
blwytpxhibxhvncqbca
bszc
ceyxmbxonzy
cipbh
czaa 
davtblcmhpybxe
dmiwfousoxa
edshkinblwkxpnzj
febznhjvfxpgqnskthx
fg
fyv d
gaqy
gfyeyh
gnztncrytv
gxksg
hmedjb
hudbtrahzthzxdn io 
hvmrlelaitbazgeel
hwtrbifmqaylbxblo
jjhorffsfgcjjx
jxswhevwct
k
kw
kwfravemvnrnfpnux
kzckqyokr
llhrqgqhalwgehv
ltohjhbpxsnr byjzbhi
mibozuxtj
njszabwwvveevxt
p rjqddille
pg
pv
q kvlxurkb
qfakacxpyu
qh
qmzahcxjwpheta su
qwbcaxui
rxvagdu vwfoq
sdco
sfcgb
udg
uehwftddijdupqqt
ujlzkknrsdrvogx
ujwsfemsxjisemkrnax
uojfhfzhcvhjzp
upkje
vb
vqbeuf qrzt
vxawrecvijotnqplh
wtt yjujv
xqbds
xsm tzokryf
yung fakocmaqqezkwu
yxxdqkuqq
z
zp
zqejfxt
zrsjnctacn bspepll
zxbzmwvqfdggb
Case #34:
 eodh
b jwykktpraew
bbg clk
bfdmnphqdozkdpqvys
bszc
davtblcmhpybxe
fyv d
hudbtrahzthzxdn io 
isrnyeyphmxj tcyv
k
ltohjhbpxsnr byjzbhi
mibozuxtj
qfakacxpyu
rxvagdu vwfoq
sdco
udg
xsm tzokryf
zqejfxt
Case #35:
 eodh
advupdbc
azc 
b jwykktpraew
bbg clk
bedfrxflvsiz
bfdmnphqdozkdpqvys
blwytpxhibxhvncqbca
bszc
ceyxmbxonzy
cipbh
davtblcmhpybxe
dmiwfousoxa
edshkinblwkxpnzj
fg
fyv d
gnztncrytv
gqm
gxksg
hmedjb
hvmrlelaitbazgeel
hwtrbifmqaylbxblo
irxnrvpf
isrnyeyphmxj tcyv
izrqngwtwpqqc
ji
jjhorffsfgcjjx
jxswhevwct
k
kw
kwfravemvnrnfpnux
kzckqyokr
llhrqgqhalwgehv
ltohjhbpxsnr byjzbhi
n lbkorjbyvutkftgl
pg
pv
q kvlxurkb
qfakacxpyu
qh
qmzahcxjwpheta su
qwbcaxui
rxvagdu vwfoq
sdco
sentoztywfdei
sfcgb
tjinsltdeisofmuszwil
udg
ujlzkknrsdrvogx
upkje
vb
vqbeuf qrzt
wtt yjujv
xqbds
xsm tzokryf
yung fakocmaqqezkwu
yxxdqkuqq
z
zp
zrsjnctacn bspepll
zxbzmwvqfdggb
Case #36:
 eodh
advupdbc
azc 
b jwykktpraew
bbg clk
bedfrxflvsiz
blwytpxhibxhvncqbca
ceyxmbxonzy
cipbh
czaa 
davtblcmhpybxe
edshkinblwkxpnzj
fg
gaqy
gnztncrytv
gxksg
hmedjb
hudbtrahzthzxdn io 
hvmrlelaitbazgeel
isrnyeyphmxj tcyv
ji
jjhorffsfgcjjx
jxswhevwct
k
k n arnyezjolb
kw
mibozuxtj
n lbkorjbyvutkftgl
njszabwwvveevxt
p rjqddille
pg
q kvlxurkb
qfakacxpyu
qmzahcxjwpheta su
qwbcaxui
sdco
sentoztywfdei
sfcgb
tjinsltdeisofmuszwil
udg
uehwftddijdupqqt
ujlzkknrsdrvogx
uojfhfzhcvhjzp
upkje
vb
vqbeuf qrzt
vxawrecvijotnqplh
wtt yjujv
xsm tzokryf
yxxdqkuqq
z
zp
zqejfxt
zrsjnctacn bspepll
zxbzmwvqfdggb
Case #37:
azc 
b jwykktpraew
bbg clk
bedfrxflvsiz
bfdmnphqdozkdpqvys
ceyxmbxonzy
cipbh
czaa 
dmiwfousoxa
febznhjvfxpgqnskthx
fyv d
gaqy
gnztncrytv
gqm
gxksg
hmedjb
hudbtrahzthzxdn io 
hvmrlelaitbazgeel
irxnrvpf
isrnyeyphmxj tcyv
izrqngwtwpqqc
ji
jjhorffsfgcjjx
jxswhevwct
k
kwfravemvnrnfpnux
kzckqyokr
mibozuxtj
njszabwwvveevxt
p rjqddille
pg
q kvlxurkb
qfakacxpyu
qh
qmzahcxjwpheta su
qwbcaxui
rxvagdu vwfoq
sdco
sentoztywfdei
sfcgb
udg
ujlzkknrsdrvogx
ujwsfemsxjisemkrnax
uojfhfzhcvhjzp
vb
vqbeuf qrzt
vxawrecvijotnqplh
wtt yjujv
xqbds
yung fakocmaqqezkwu
yxxdqkuqq
z
zp
zrsjnctacn bspepll
Case #38:
b jwykktpraew
bfdmnphqdozkdpqvys
czaa 
davtblcmhpybxe
dmiwfousoxa
fyv d
gfyeyh
isrnyeyphmxj tcyv
ji
k
kw
kzckqyokr
mibozuxtj
pg
pv
vb
wtt yjujv
z
zrsjnctacn bspepll
Case #39:
azc 
blwytpxhibxhvncqbca
bszc
fg
fyv d
gqm
irxnrvpf
izrqngwtwpqqc
kzckqyokr
pg
sdco
sfcgb
tjinsltdeisofmuszwil
xqbds
yung fakocmaqqezkwu
zp
zrsjnctacn bspepll
Case #40:
 eodh
advupdbc
azc 
b jwykktpraew
bbg clk
bedfrxflvsiz
bfdmnphqdozkdpqvys
bszc
ceyxmbxonzy
cipbh
czaa 
davtblcmhpybxe
dmiwfousoxa
edshkinblwkxpnzj
febznhjvfxpgqnskthx
fg
fyv d
gfyeyh
gqm
hvmrlelaitbazgeel
irxnrvpf
isrnyeyphmxj tcyv
izrqngwtwpqqc
jjhorffsfgcjjx
jxswhevwct
k
k n arnyezjolb
kw
kwfravemvnrnfpnux
kzckqyokr
llhrqgqhalwgehv
ltohjhbpxsnr byjzbhi
mibozuxtj
n lbkorjbyvutkftgl
p rjqddille
pg
pv
q kvlxurkb
qfakacxpyu
qh
qwbcaxui
rxvagdu vwfoq
sdco
sentoztywfdei
sfcgb
tjinsltdeisofmuszwil
udg
uehwftddijdupqqt
ujlzkknrsdrvogx
ujwsfemsxjisemkrnax
uojfhfzhcvhjzp
upkje
vqbeuf qrzt
vxawrecvijotnqplh
wtt yjujv
xsm tzokryf
yung fakocmaqqezkwu
yxxdqkuqq
zp
zqejfxt
zrsjnctacn bspepll
zxbzmwvqfdggb
Case #41:
advupdbc
azc 
b jwykktpraew
bedfrxflvsiz
bfdmnphqdozkdpqvys
blwytpxhibxhvncqbca
ceyxmbxonzy
cipbh
czaa 
davtblcmhpybxe
fyv d
gaqy
gnztncrytv
gqm
gxksg
hmedjb
hudbtrahzthzxdn io 
hvmrlelaitbazgeel
hwtrbifmqaylbxblo
isrnyeyphmxj tcyv
izrqngwtwpqqc
ji
jjhorffsfgcjjx
jxswhevwct
k
k n arnyezjolb
kw
kwfravemvnrnfpnux
kzckqyokr
llhrqgqhalwgehv
ltohjhbpxsnr byjzbhi
mibozuxtj
n lbkorjbyvutkftgl
njszabwwvveevxt
p rjqddille
pg
pv
q kvlxurkb
qfakacxpyu
qh
qmzahcxjwpheta su
rxvagdu vwfoq
sdco
sentoztywfdei
sfcgb
tjinsltdeisofmuszwil
udg
uojfhfzhcvhjzp
upkje
vqbeuf qrzt
vxawrecvijotnqplh
wtt yjujv
xqbds
xsm tzokryf
yung fakocmaqqezkwu
yxxdqkuqq
zp
zqejfxt
zrsjnctacn bspepll
zxbzmwvqfdggb
Case #42:
advupdbc
b jwykktpraew
bedfrxflvsiz
bfdmnphqdozkdpqvys
bszc
cipbh
czaa 
davtblcmhpybxe
dmiwfousoxa
febznhjvfxpgqnskthx
fg
gaqy
gfyeyh
gqm
hmedjb
hudbtrahzthzxdn io 
hwtrbifmqaylbxblo
irxnrvpf
isrnyeyphmxj tcyv
izrqngwtwpqqc
jjhorffsfgcjjx
jxswhevwct
k
k n arnyezjolb
kwfravemvnrnfpnux
kzckqyokr
llhrqgqhalwgehv
ltohjhbpxsnr byjzbhi
mibozuxtj
n lbkorjbyvutkftgl
njszabwwvveevxt
pg
pv
q kvlxurkb
qfakacxpyu
qwbcaxui
rxvagdu vwfoq
sdco
sfcgb
tjinsltdeisofmuszwil
udg
uehwftddijdupqqt
ujlzkknrsdrvogx
ujwsfemsxjisemkrnax
uojfhfzhcvhjzp
vb
vxawrecvijotnqplh
wtt yjujv
xqbds
xsm tzokryf
yxxdqkuqq
z
zp
zqejfxt
zrsjnctacn bspepll
zxbzmwvqfdggb
Case #43:
 eodh
advupdbc
azc 
b jwykktpraew
bbg clk
bfdmnphqdozkdpqvys
blwytpxhibxhvncqbca
bszc
cipbh
davtblcmhpybxe
dmiwfousoxa
febznhjvfxpgqnskthx
fyv d
gaqy
gfyeyh
gqm
hmedjb
hudbtrahzthzxdn io 
hvmrlelaitbazgeel
irxnrvpf
isrnyeyphmxj tcyv
izrqngwtwpqqc
ji
jjhorffsfgcjjx
k
k n arnyezjolb
kw
kwfravemvnrnfpnux
kzckqyokr
llhrqgqhalwgehv
n lbkorjbyvutkftgl
njszabwwvveevxt
p rjqddille
pg
pv
q kvlxurkb
qfakacxpyu
qh
qmzahcxjwpheta su
qwbcaxui
rxvagdu vwfoq
sdco
sentoztywfdei
sfcgb
tjinsltdeisofmuszwil
ujlzkknrsdrvogx
ujwsfemsxjisemkrnax
uojfhfzhcvhjzp
upkje
vb
vqbeuf qrzt
wtt yjujv
xqbds
yxxdqkuqq
zp
zqejfxt
zxbzmwvqfdggb
Case #44:
 eodh
advupdbc
b jwykktpraew
bbg clk
bedfrxflvsiz
bfdmnphqdozkdpqvys
blwytpxhibxhvncqbca
ceyxmbxonzy
cipbh
czaa 
davtblcmhpybxe
dmiwfousoxa
edshkinblwkxpnzj
febznhjvfxpgqnskthx
fg
fyv d
gaqy
gfyeyh
gnztncrytv
gqm
gxksg
hmedjb
hvmrlelaitbazgeel
hwtrbifmqaylbxblo
irxnrvpf
izrqngwtwpqqc
ji
jjhorffsfgcjjx
jxswhevwct
k
k n arnyezjolb
kw
kwfravemvnrnfpnux
kzckqyokr
llhrqgqhalwgehv
ltohjhbpxsnr byjzbhi
mibozuxtj
njszabwwvveevxt
p rjqddille
pg
pv
q kvlxurkb
qfakacxpyu
qmzahcxjwpheta su
qwbcaxui
sdco
sentoztywfdei
sfcgb
tjinsltdeisofmuszwil
udg
uehwftddijdupqqt
ujlzkknrsdrvogx
ujwsfemsxjisemkrnax
uojfhfzhcvhjzp
upkje
vb
vqbeuf qrzt
vxawrecvijotnqplh
wtt yjujv
xqbds
xsm tzokryf
yung fakocmaqqezkwu
z
zp
zrsjnctacn bspepll
zxbzmwvqfdggb
Case #45:
 eodh
advupdbc
b jwykktpraew
bbg clk
bszc
ceyxmbxonzy
davtblcmhpybxe
fg
gaqy
gnztncrytv
gxksg
hmedjb
isrnyeyphmxj tcyv
jxswhevwct
k
kw
kwfravemvnrnfpnux
llhrqgqhalwgehv
mibozuxtj
njszabwwvveevxt
p rjqddille
pv
qfakacxpyu
qh
qmzahcxjwpheta su
rxvagdu vwfoq
sfcgb
udg
ujwsfemsxjisemkrnax
upkje
vqbeuf qrzt
vxawrecvijotnqplh
wtt yjujv
xqbds
yung fakocmaqqezkwu
yxxdqkuqq
zp
zqejfxt
zrsjnctacn bspepll
zxbzmwvqfdggb
Case #46:
 eodh
azc 
bedfrxflvsiz
bfdmnphqdozkdpqvys
ceyxmbxonzy
cipbh
davtblcmhpybxe
dmiwfousoxa
edshkinblwkxpnzj
febznhjvfxpgqnskthx
gnztncrytv
gxksg
hmedjb
irxnrvpf
isrnyeyphmxj tcyv
izrqngwtwpqqc
ji
jjhorffsfgcjjx
jxswhevwct
k
k n arnyezjolb
kw
ltohjhbpxsnr byjzbhi
mibozuxtj
njszabwwvveevxt
p rjqddille
pv
qfakacxpyu
qmzahcxjwpheta su
qwbcaxui
rxvagdu vwfoq
sfcgb
tjinsltdeisofmuszwil
udg
uehwftddijdupqqt
ujwsfemsxjisemkrnax
uojfhfzhcvhjzp
upkje
vqbeuf qrzt
vxawrecvijotnqplh
yung fakocmaqqezkwu
yxxdqkuqq
zp
Case #47:
 eodh
b jwykktpraew
bbg clk
bedfrxflvsiz
bfdmnphqdozkdpqvys
blwytpxhibxhvncqbca
bszc
czaa 
davtblcmhpybxe
dmiwfousoxa
edshkinblwkxpnzj
febznhjvfxpgqnskthx
fg
fyv d
gaqy
gfyeyh
gnztncrytv
gqm
gxksg
hudbtrahzthzxdn io 
hwtrbifmqaylbxblo
irxnrvpf
isrnyeyphmxj tcyv
izrqngwtwpqqc
ji
jjhorffsfgcjjx
jxswhevwct
k
k n arnyezjolb
kw
kwfravemvnrnfpnux
kzckqyokr
llhrqgqhalwgehv
mibozuxtj
n lbkorjbyvutkftgl
njszabwwvveevxt
pg
pv
q kvlxurkb
qh
qwbcaxui
rxvagdu vwfoq
sdco
sentoztywfdei
sfcgb
tjinsltdeisofmuszwil
udg
uehwftddijdupqqt
ujlzkknrsdrvogx
ujwsfemsxjisemkrnax
uojfhfzhcvhjzp
upkje
vb
vqbeuf qrzt
xqbds
xsm tzokryf
yung fakocmaqqezkwu
yxxdqkuqq
z
zp
zqejfxt
zrsjnctacn bspepll
Case #48:
 eodh
advupdbc
b jwykktpraew
cipbh
davtblcmhpybxe
dmiwfousoxa
edshkinblwkxpnzj
febznhjvfxpgqnskthx
fg
fyv d
gaqy
gfyeyh
gnztncrytv
gxksg
hmedjb
hudbtrahzthzxdn io 
hwtrbifmqaylbxblo
irxnrvpf
isrnyeyphmxj tcyv
izrqngwtwpqqc
jxswhevwct
k
k n arnyezjolb
kzckqyokr
mibozuxtj
n lbkorjbyvutkftgl
p rjqddille
pg
pv
q kvlxurkb
qfakacxpyu
qh
qwbcaxui
rxvagdu vwfoq
sdco
tjinsltdeisofmuszwil
udg
ujlzkknrsdrvogx
vb
vqbeuf qrzt
wtt yjujv
z
zrsjnctacn bspepll
zxbzmwvqfdggb
Case #49:
azc 
b jwykktpraew
bedfrxflvsiz
czaa 
davtblcmhpybxe
dmiwfousoxa
edshkinblwkxpnzj
fg
hmedjb
hvmrlelaitbazgeel
irxnrvpf
isrnyeyphmxj tcyv
izrqngwtwpqqc
k n arnyezjolb
kwfravemvnrnfpnux
kzckqyokr
ltohjhbpxsnr byjzbhi
n lbkorjbyvutkftgl
p rjqddille
pg
pv
qh
qmzahcxjwpheta su
qwbcaxui
rxvagdu vwfoq
ujlzkknrsdrvogx
ujwsfemsxjisemkrnax
uojfhfzhcvhjzp
vb
vqbeuf qrzt
wtt yjujv
yxxdqkuqq
zp
zxbzmwvqfdggb
Case #50:
advupdbc
azc 
b jwykktpraew
bbg clk
bedfrxflvsiz
bfdmnphqdozkdpqvys
blwytpxhibxhvncqbca
bszc
ceyxmbxonzy
cipbh
czaa 
davtblcmhpybxe
dmiwfousoxa
edshkinblwkxpnzj
fyv d
gaqy
gfyeyh
gnztncrytv
gqm
gxksg
hmedjb
hudbtrahzthzxdn io 
hvmrlelaitbazgeel
hwtrbifmqaylbxblo
irxnrvpf
isrnyeyphmxj tcyv
izrqngwtwpqqc
jjhorffsfgcjjx
jxswhevwct
k
k n arnyezjolb
kw
kzckqyokr
llhrqgqhalwgehv
mibozuxtj
n lbkorjbyvutkftgl
njszabwwvveevxt
p rjqddille
pg
pv
q kvlxurkb
qfakacxpyu
qh
qmzahcxjwpheta su
sdco
sentoztywfdei
sfcgb
udg
uehwftddijdupqqt
ujlzkknrsdrvogx
ujwsfemsxjisemkrnax
vb
vqbeuf qrzt
vxawrecvijotnqplh
wtt yjujv
xqbds
xsm tzokryf
yung fakocmaqqezkwu
yxxdqkuqq
z
zqejfxt
zrsjnctacn bspepll
zxbzmwvqfdggb
Case #51:
azc 
b jwykktpraew
bbg clk
bedfrxflvsiz
blwytpxhibxhvncqbca
bszc
ceyxmbxonzy
cipbh
dmiwfousoxa
febznhjvfxpgqnskthx
fg
fyv d
gqm
gxksg
hvmrlelaitbazgeel
hwtrbifmqaylbxblo
irxnrvpf
isrnyeyphmxj tcyv
izrqngwtwpqqc
jjhorffsfgcjjx
jxswhevwct
k
k n arnyezjolb
kw
kwfravemvnrnfpnux
kzckqyokr
llhrqgqhalwgehv
n lbkorjbyvutkftgl
p rjqddille
pg
pv
q kvlxurkb
qfakacxpyu
qh
qmzahcxjwpheta su
qwbcaxui
sentoztywfdei
tjinsltdeisofmuszwil
udg
uehwftddijdupqqt
ujwsfemsxjisemkrnax
uojfhfzhcvhjzp
vb
wtt yjujv
xsm tzokryf
yxxdqkuqq
z
zp
zqejfxt
zrsjnctacn bspepll
zxbzmwvqfdggb
Case #52:
 eodh
advupdbc
azc 
bbg clk
bedfrxflvsiz
blwytpxhibxhvncqbca
ceyxmbxonzy
cipbh
czaa 
davtblcmhpybxe
dmiwfousoxa
edshkinblwkxpnzj
febznhjvfxpgqnskthx
fg
fyv d
gaqy
gfyeyh
gnztncrytv
gxksg
hmedjb
hudbtrahzthzxdn io 
hvmrlelaitbazgeel
irxnrvpf
isrnyeyphmxj tcyv
izrqngwtwpqqc
ji
jjhorffsfgcjjx
k n arnyezjolb
kw
kzckqyokr
llhrqgqhalwgehv
ltohjhbpxsnr byjzbhi
mibozuxtj
n lbkorjbyvutkftgl
njszabwwvveevxt
p rjqddille
pg
pv
q kvlxurkb
qfakacxpyu
qmzahcxjwpheta su
qwbcaxui
rxvagdu vwfoq
sdco
sentoztywfdei
sfcgb
tjinsltdeisofmuszwil
udg
uehwftddijdupqqt
ujlzkknrsdrvogx
ujwsfemsxjisemkrnax
uojfhfzhcvhjzp
upkje
vb
vqbeuf qrzt
vxawrecvijotnqplh
wtt yjujv
xqbds
xsm tzokryf
yung fakocmaqqezkwu
yxxdqkuqq
z
zqejfxt
zrsjnctacn bspepll
zxbzmwvqfdggb
Case #53:
azc 
b jwykktpraew
bedfrxflvsiz
bfdmnphqdozkdpqvys
blwytpxhibxhvncqbca
ceyxmbxonzy
cipbh
czaa 
davtblcmhpybxe
dmiwfousoxa
febznhjvfxpgqnskthx
fyv d
gaqy
gfyeyh
gnztncrytv
gqm
gxksg
hwtrbifmqaylbxblo
irxnrvpf
ji
jjhorffsfgcjjx
k
k n arnyezjolb
kw
kwfravemvnrnfpnux
kzckqyokr
llhrqgqhalwgehv
ltohjhbpxsnr byjzbhi
mibozuxtj
n lbkorjbyvutkftgl
njszabwwvveevxt
p rjqddille
pg
pv
q kvlxurkb
qfakacxpyu
qh
qmzahcxjwpheta su
qwbcaxui
sdco
sentoztywfdei
sfcgb
tjinsltdeisofmuszwil
udg
uehwftddijdupqqt
ujlzkknrsdrvogx
ujwsfemsxjisemkrnax
upkje
vb
vqbeuf qrzt
xqbds
xsm tzokryf
yung fakocmaqqezkwu
z
zp
zqejfxt
zrsjnctacn bspepll
zxbzmwvqfdggb
Case #54:
 eodh
b jwykktpraew
bbg clk
bedfrxflvsiz
bfdmnphqdozkdpqvys
ceyxmbxonzy
cipbh
czaa 
dmiwfousoxa
edshkinblwkxpnzj
febznhjvfxpgqnskthx
fg
gaqy
gfyeyh
gqm
gxksg
hvmrlelaitbazgeel
irxnrvpf
isrnyeyphmxj tcyv
izrqngwtwpqqc
ji
k n arnyezjolb
kw
kwfravemvnrnfpnux
ltohjhbpxsnr byjzbhi
mibozuxtj
n lbkorjbyvutkftgl
p rjqddille
pg
q kvlxurkb
qwbcaxui
rxvagdu vwfoq
sentoztywfdei
sfcgb
udg
ujwsfemsxjisemkrnax
uojfhfzhcvhjzp
vb
vqbeuf qrzt
vxawrecvijotnqplh
wtt yjujv
xqbds
xsm tzokryf
yung fakocmaqqezkwu
zp
zxbzmwvqfdggb
Case #55:
 eodh
advupdbc
azc 
b jwykktpraew
bfdmnphqdozkdpqvys
cipbh
czaa 
dmiwfousoxa
edshkinblwkxpnzj
fg
fyv d
gaqy
gqm
hudbtrahzthzxdn io 
isrnyeyphmxj tcyv
ji
k
kw
ltohjhbpxsnr byjzbhi
n lbkorjbyvutkftgl
p rjqddille
pv
q kvlxurkb
qh
qwbcaxui
sentoztywfdei
uehwftddijdupqqt
ujwsfemsxjisemkrnax
upkje
vb
vqbeuf qrzt
yung fakocmaqqezkwu
zrsjnctacn bspepll
zxbzmwvqfdggb
Case #56:
czaa 
gxksg
isrnyeyphmxj tcyv
ji
jxswhevwct
kzckqyokr
pg
qh
qmzahcxjwpheta su
sentoztywfdei
uojfhfzhcvhjzp
upkje
vxawrecvijotnqplh
xsm tzokryf
z
Case #57:
advupdbc
ceyxmbxonzy
davtblcmhpybxe
hmedjb
hudbtrahzthzxdn io 
hwtrbifmqaylbxblo
k
k n arnyezjolb
kw
kzckqyokr
njszabwwvveevxt
pg
pv
rxvagdu vwfoq
tjinsltdeisofmuszwil
vb
vxawrecvijotnqplh
wtt yjujv
yung fakocmaqqezkwu
z
zqejfxt
zrsjnctacn bspepll
Case #58:
 eodh
advupdbc
b jwykktpraew
bbg clk
bedfrxflvsiz
bfdmnphqdozkdpqvys
blwytpxhibxhvncqbca
bszc
ceyxmbxonzy
cipbh
czaa 
davtblcmhpybxe
dmiwfousoxa
edshkinblwkxpnzj
febznhjvfxpgqnskthx
fg
fyv d
gaqy
gfyeyh
gnztncrytv
gqm
gxksg
hmedjb
hudbtrahzthzxdn io 
hvmrlelaitbazgeel
hwtrbifmqaylbxblo
irxnrvpf
izrqngwtwpqqc
jjhorffsfgcjjx
jxswhevwct
k n arnyezjolb
kw
kwfravemvnrnfpnux
llhrqgqhalwgehv
mibozuxtj
njszabwwvveevxt
p rjqddille
pg
pv
q kvlxurkb
qfakacxpyu
qh
qmzahcxjwpheta su
qwbcaxui
rxvagdu vwfoq
sdco
sentoztywfdei
sfcgb
tjinsltdeisofmuszwil
udg
ujlzkknrsdrvogx
ujwsfemsxjisemkrnax
uojfhfzhcvhjzp
upkje
vb
vqbeuf qrzt
wtt yjujv
xqbds
xsm tzokryf
yung fakocmaqqezkwu
z
zp
zrsjnctacn bspepll
zxbzmwvqfdggb
Case #59:
 eodh
advupdbc
bbg clk
bedfrxflvsiz
bfdmnphqdozkdpqvys
blwytpxhibxhvncqbca
bszc
cipbh
czaa 
dmiwfousoxa
gaqy
hmedjb
hudbtrahzthzxdn io 
hvmrlelaitbazgeel
isrnyeyphmxj tcyv
ji
jjhorffsfgcjjx
jxswhevwct
k n arnyezjolb
kzckqyokr
llhrqgqhalwgehv
ltohjhbpxsnr byjzbhi
mibozuxtj
njszabwwvveevxt
pv
q kvlxurkb
qfakacxpyu
qh
qmzahcxjwpheta su
qwbcaxui
sdco
sentoztywfdei
udg
uehwftddijdupqqt
ujlzkknrsdrvogx
uojfhfzhcvhjzp
upkje
vb
vqbeuf qrzt
wtt yjujv
xqbds
xsm tzokryf
yung fakocmaqqezkwu
yxxdqkuqq
z
zp
zqejfxt
zrsjnctacn bspepll
Case #60:
 eodh
advupdbc
azc 
bfdmnphqdozkdpqvys
blwytpxhibxhvncqbca
ceyxmbxonzy
davtblcmhpybxe
dmiwfousoxa
febznhjvfxpgqnskthx
fyv d
gaqy
gfyeyh
gqm
hmedjb
hudbtrahzthzxdn io 
hvmrlelaitbazgeel
hwtrbifmqaylbxblo
irxnrvpf
izrqngwtwpqqc
ji
k n arnyezjolb
kw
kzckqyokr
mibozuxtj
njszabwwvveevxt
p rjqddille
pv
q kvlxurkb
qh
qmzahcxjwpheta su
qwbcaxui
tjinsltdeisofmuszwil
udg
ujlzkknrsdrvogx
ujwsfemsxjisemkrnax
upkje
xsm tzokryf
yung fakocmaqqezkwu
yxxdqkuqq
z
zp
zxbzmwvqfdggb
Case #61:
 eodh
azc 
febznhjvfxpgqnskthx
gaqy
hvmrlelaitbazgeel
izrqngwtwpqqc
kwfravemvnrnfpnux
llhrqgqhalwgehv
qh
qwbcaxui
rxvagdu vwfoq
tjinsltdeisofmuszwil
yxxdqkuqq
zp
zrsjnctacn bspepll
Case #62:
advupdbc
azc 
b jwykktpraew
bfdmnphqdozkdpqvys
blwytpxhibxhvncqbca
ceyxmbxonzy
cipbh
czaa 
davtblcmhpybxe
dmiwfousoxa
edshkinblwkxpnzj
febznhjvfxpgqnskthx
fg
fyv d
gfyeyh
gnztncrytv
gqm
gxksg
hmedjb
hudbtrahzthzxdn io 
hvmrlelaitbazgeel
irxnrvpf
isrnyeyphmxj tcyv
izrqngwtwpqqc
ji
jxswhevwct
k
k n arnyezjolb
kw
kwfravemvnrnfpnux
kzckqyokr
llhrqgqhalwgehv
ltohjhbpxsnr byjzbhi
mibozuxtj
n lbkorjbyvutkftgl
njszabwwvveevxt
pv
q kvlxurkb
qwbcaxui
rxvagdu vwfoq
sentoztywfdei
sfcgb
tjinsltdeisofmuszwil
udg
uehwftddijdupqqt
ujwsfemsxjisemkrnax
uojfhfzhcvhjzp
upkje
vb
vqbeuf qrzt
vxawrecvijotnqplh
wtt yjujv
xqbds
xsm tzokryf
yung fakocmaqqezkwu
yxxdqkuqq
z
zp
zxbzmwvqfdggb
Case #63:
b jwykktpraew
bbg clk
dmiwfousoxa
edshkinblwkxpnzj
febznhjvfxpgqnskthx
fg
gnztncrytv
gxksg
hudbtrahzthzxdn io 
hvmrlelaitbazgeel
irxnrvpf
isrnyeyphmxj tcyv
izrqngwtwpqqc
k
kw
llhrqgqhalwgehv
mibozuxtj
njszabwwvveevxt
p rjqddille
sdco
sentoztywfdei
ujwsfemsxjisemkrnax
upkje
vb
vqbeuf qrzt
xsm tzokryf
zp
zrsjnctacn bspepll
Case #64:
advupdbc
bedfrxflvsiz
blwytpxhibxhvncqbca
czaa 
gxksg
hudbtrahzthzxdn io 
hvmrlelaitbazgeel
isrnyeyphmxj tcyv
ji
k
kwfravemvnrnfpnux
p rjqddille
qfakacxpyu
qmzahcxjwpheta su
sentoztywfdei
udg
uehwftddijdupqqt
ujlzkknrsdrvogx
uojfhfzhcvhjzp
upkje
vqbeuf qrzt
xsm tzokryf
z
zp
Case #65:
advupdbc
bedfrxflvsiz
dmiwfousoxa
gnztncrytv
hudbtrahzthzxdn io 
hvmrlelaitbazgeel
ji
jxswhevwct
njszabwwvveevxt
qmzahcxjwpheta su
rxvagdu vwfoq
zqejfxt
Case #66:
 eodh
advupdbc
bbg clk
bfdmnphqdozkdpqvys
cipbh
czaa 
dmiwfousoxa
febznhjvfxpgqnskthx
fg
fyv d
gaqy
gqm
gxksg
hmedjb
hwtrbifmqaylbxblo
irxnrvpf
jjhorffsfgcjjx
jxswhevwct
k
kw
llhrqgqhalwgehv
ltohjhbpxsnr byjzbhi
mibozuxtj
njszabwwvveevxt
p rjqddille
pg
q kvlxurkb
qh
qmzahcxjwpheta su
rxvagdu vwfoq
sdco
sentoztywfdei
udg
vb
vxawrecvijotnqplh
wtt yjujv
yung fakocmaqqezkwu
yxxdqkuqq
zp
zqejfxt
zrsjnctacn bspepll
Case #67:
advupdbc
b jwykktpraew
bfdmnphqdozkdpqvys
czaa 
febznhjvfxpgqnskthx
fg
gaqy
hudbtrahzthzxdn io 
hwtrbifmqaylbxblo
isrnyeyphmxj tcyv
izrqngwtwpqqc
jjhorffsfgcjjx
kwfravemvnrnfpnux
kzckqyokr
ltohjhbpxsnr byjzbhi
pg
qh
qmzahcxjwpheta su
tjinsltdeisofmuszwil
ujlzkknrsdrvogx
ujwsfemsxjisemkrnax
uojfhfzhcvhjzp
xqbds
zp
zqejfxt
zrsjnctacn bspepll
zxbzmwvqfdggb
Case #68:
advupdbc
azc 
b jwykktpraew
bbg clk
bedfrxflvsiz
bfdmnphqdozkdpqvys
blwytpxhibxhvncqbca
bszc
ceyxmbxonzy
davtblcmhpybxe
dmiwfousoxa
febznhjvfxpgqnskthx
fyv d
gaqy
gfyeyh
gqm
gxksg
hvmrlelaitbazgeel
hwtrbifmqaylbxblo
isrnyeyphmxj tcyv
izrqngwtwpqqc
jxswhevwct
k
k n arnyezjolb
kwfravemvnrnfpnux
kzckqyokr
llhrqgqhalwgehv
ltohjhbpxsnr byjzbhi
mibozuxtj
n lbkorjbyvutkftgl
p rjqddille
pg
q kvlxurkb
sdco
sfcgb
tjinsltdeisofmuszwil
uehwftddijdupqqt
ujlzkknrsdrvogx
ujwsfemsxjisemkrnax
vb
vqbeuf qrzt
wtt yjujv
xqbds
xsm tzokryf
yung fakocmaqqezkwu
zp
zrsjnctacn bspepll
zxbzmwvqfdggb
Case #69:
 eodh
azc 
b jwykktpraew
bbg clk
blwytpxhibxhvncqbca
bszc
ceyxmbxonzy
davtblcmhpybxe
fg
gaqy
hmedjb
hwtrbifmqaylbxblo
jjhorffsfgcjjx
jxswhevwct
k
kwfravemvnrnfpnux
llhrqgqhalwgehv
pg
pv
qfakacxpyu
sdco
udg
ujwsfemsxjisemkrnax
vb
vxawrecvijotnqplh
yung fakocmaqqezkwu
yxxdqkuqq
z
zp
zqejfxt
zrsjnctacn bspepll
Case #70:
advupdbc
azc 
b jwykktpraew
bbg clk
bedfrxflvsiz
blwytpxhibxhvncqbca
bszc
ceyxmbxonzy
cipbh
czaa 
dmiwfousoxa
edshkinblwkxpnzj
fg
fyv d
gnztncrytv
gqm
gxksg
hmedjb
hudbtrahzthzxdn io 
hvmrlelaitbazgeel
hwtrbifmqaylbxblo
isrnyeyphmxj tcyv
ji
jjhorffsfgcjjx
jxswhevwct
k
k n arnyezjolb
kwfravemvnrnfpnux
kzckqyokr
ltohjhbpxsnr byjzbhi
mibozuxtj
n lbkorjbyvutkftgl
njszabwwvveevxt
pg
pv
q kvlxurkb
qfakacxpyu
qmzahcxjwpheta su
sdco
sfcgb
uehwftddijdupqqt
ujlzkknrsdrvogx
uojfhfzhcvhjzp
upkje
vb
vxawrecvijotnqplh
wtt yjujv
xqbds
xsm tzokryf
yung fakocmaqqezkwu
yxxdqkuqq
z
zp
zqejfxt
zrsjnctacn bspepll
zxbzmwvqfdggb
Case #71:
 eodh
advupdbc
azc 
b jwykktpraew
bbg clk
bedfrxflvsiz
bfdmnphqdozkdpqvys
blwytpxhibxhvncqbca
bszc
ceyxmbxonzy
cipbh
davtblcmhpybxe
dmiwfousoxa
edshkinblwkxpnzj
fg
fyv d
gfyeyh
gnztncrytv
gqm
gxksg
hmedjb
hudbtrahzthzxdn io 
hwtrbifmqaylbxblo
irxnrvpf
isrnyeyphmxj tcyv
izrqngwtwpqqc
ji
jjhorffsfgcjjx
jxswhevwct
k
k n arnyezjolb
kw
kwfravemvnrnfpnux
kzckqyokr
llhrqgqhalwgehv
mibozuxtj
n lbkorjbyvutkftgl
njszabwwvveevxt
p rjqddille
pv
q kvlxurkb
qmzahcxjwpheta su
qwbcaxui
rxvagdu vwfoq
sentoztywfdei
sfcgb
udg
uehwftddijdupqqt
ujlzkknrsdrvogx
ujwsfemsxjisemkrnax
uojfhfzhcvhjzp
vb
vqbeuf qrzt
vxawrecvijotnqplh
xqbds
xsm tzokryf
yxxdqkuqq
z
zp
zxbzmwvqfdggb
Case #72:
 eodh
advupdbc
azc 
b jwykktpraew
bbg clk
bedfrxflvsiz
bfdmnphqdozkdpqvys
blwytpxhibxhvncqbca
bszc
ceyxmbxonzy
cipbh
davtblcmhpybxe
dmiwfousoxa
edshkinblwkxpnzj
fg
fyv d
gfyeyh
gqm
gxksg
hmedjb
hwtrbifmqaylbxblo
irxnrvpf
isrnyeyphmxj tcyv
ji
jxswhevwct
k n arnyezjolb
kw
kwfravemvnrnfpnux
kzckqyokr
llhrqgqhalwgehv
n lbkorjbyvutkftgl
njszabwwvveevxt
p rjqddille
pg
pv
q kvlxurkb
qh
rxvagdu vwfoq
sdco
sentoztywfdei
sfcgb
tjinsltdeisofmuszwil
udg
uehwftddijdupqqt
ujlzkknrsdrvogx
ujwsfemsxjisemkrnax
upkje
wtt yjujv
xqbds
yxxdqkuqq
z
zp
zrsjnctacn bspepll
zxbzmwvqfdggb
Case #73:
advupdbc
blwytpxhibxhvncqbca
cipbh
edshkinblwkxpnzj
gaqy
gfyeyh
gnztncrytv
hwtrbifmqaylbxblo
izrqngwtwpqqc
ji
jxswhevwct
kwfravemvnrnfpnux
kzckqyokr
pg
qh
qmzahcxjwpheta su
sfcgb
tjinsltdeisofmuszwil
ujlzkknrsdrvogx
ujwsfemsxjisemkrnax
uojfhfzhcvhjzp
Case #74:
 eodh
azc 
b jwykktpraew
bbg clk
bfdmnphqdozkdpqvys
blwytpxhibxhvncqbca
ceyxmbxonzy
czaa 
davtblcmhpybxe
dmiwfousoxa
edshkinblwkxpnzj
fyv d
gaqy
gfyeyh
gnztncrytv
gqm
gxksg
hvmrlelaitbazgeel
hwtrbifmqaylbxblo
irxnrvpf
isrnyeyphmxj tcyv
jxswhevwct
k n arnyezjolb
kwfravemvnrnfpnux
kzckqyokr
n lbkorjbyvutkftgl
njszabwwvveevxt
pg
qfakacxpyu
qmzahcxjwpheta su
qwbcaxui
sentoztywfdei
sfcgb
tjinsltdeisofmuszwil
uehwftddijdupqqt
ujlzkknrsdrvogx
upkje
vqbeuf qrzt
yxxdqkuqq
z
zp
zqejfxt
zrsjnctacn bspepll
Case #75:
advupdbc
azc 
cipbh
davtblcmhpybxe
dmiwfousoxa
edshkinblwkxpnzj
febznhjvfxpgqnskthx
fyv d
gnztncrytv
gxksg
irxnrvpf
isrnyeyphmxj tcyv
izrqngwtwpqqc
k
kwfravemvnrnfpnux
ltohjhbpxsnr byjzbhi
pg
qfakacxpyu
qh
qmzahcxjwpheta su
sentoztywfdei
tjinsltdeisofmuszwil
uojfhfzhcvhjzp
upkje
vb
vqbeuf qrzt
yxxdqkuqq
Case #76:
bszc
dmiwfousoxa
gaqy
gfyeyh
gxksg
jxswhevwct
k
kzckqyokr
pg
q kvlxurkb
qmzahcxjwpheta su
sfcgb
ujlzkknrsdrvogx
xqbds
yxxdqkuqq
z
zp
zrsjnctacn bspepll
zxbzmwvqfdggb
Case #77:
 eodh
advupdbc
bfdmnphqdozkdpqvys
bszc
czaa 
febznhjvfxpgqnskthx
fg
fyv d
gaqy
gnztncrytv
gxksg
hudbtrahzthzxdn io 
izrqngwtwpqqc
ji
k n arnyezjolb
kw
kwfravemvnrnfpnux
llhrqgqhalwgehv
mibozuxtj
njszabwwvveevxt
qmzahcxjwpheta su
qwbcaxui
sentoztywfdei
tjinsltdeisofmuszwil
ujwsfemsxjisemkrnax
uojfhfzhcvhjzp
vb
wtt yjujv
xqbds
yung fakocmaqqezkwu
yxxdqkuqq
z
zrsjnctacn bspepll
zxbzmwvqfdggb
Case #78:
 eodh
advupdbc
bedfrxflvsiz
bfdmnphqdozkdpqvys
blwytpxhibxhvncqbca
bszc
dmiwfousoxa
fg
fyv d
gnztncrytv
hwtrbifmqaylbxblo
isrnyeyphmxj tcyv
izrqngwtwpqqc
ji
kw
llhrqgqhalwgehv
mibozuxtj
n lbkorjbyvutkftgl
njszabwwvveevxt
p rjqddille
qfakacxpyu
qh
qwbcaxui
sdco
tjinsltdeisofmuszwil
udg
vqbeuf qrzt
xqbds
xsm tzokryf
yxxdqkuqq
z
zqejfxt
zxbzmwvqfdggb
Case #79:
 eodh
advupdbc
b jwykktpraew
bedfrxflvsiz
bfdmnphqdozkdpqvys
bszc
ceyxmbxonzy
cipbh
czaa 
davtblcmhpybxe
edshkinblwkxpnzj
febznhjvfxpgqnskthx
fg
fyv d
gnztncrytv
gqm
hmedjb
hudbtrahzthzxdn io 
hvmrlelaitbazgeel
hwtrbifmqaylbxblo
irxnrvpf
isrnyeyphmxj tcyv
izrqngwtwpqqc
ji
jjhorffsfgcjjx
k n arnyezjolb
ltohjhbpxsnr byjzbhi
pv
qfakacxpyu
qh
qwbcaxui
sentoztywfdei
sfcgb
tjinsltdeisofmuszwil
udg
ujlzkknrsdrvogx
ujwsfemsxjisemkrnax
uojfhfzhcvhjzp
vb
vqbeuf qrzt
vxawrecvijotnqplh
xqbds
yung fakocmaqqezkwu
yxxdqkuqq
z
zqejfxt
zrsjnctacn bspepll
Case #80:
 eodh
azc 
bedfrxflvsiz
bfdmnphqdozkdpqvys
bszc
cipbh
czaa 
davtblcmhpybxe
dmiwfousoxa
febznhjvfxpgqnskthx
fg
fyv d
gaqy
gfyeyh
gnztncrytv
gqm
hmedjb
hudbtrahzthzxdn io 
hvmrlelaitbazgeel
hwtrbifmqaylbxblo
irxnrvpf
isrnyeyphmxj tcyv
ji
jjhorffsfgcjjx
jxswhevwct
k
k n arnyezjolb
kw
kwfravemvnrnfpnux
mibozuxtj
n lbkorjbyvutkftgl
njszabwwvveevxt
p rjqddille
pv
q kvlxurkb
qh
qmzahcxjwpheta su
qwbcaxui
rxvagdu vwfoq
sdco
sentoztywfdei
sfcgb
tjinsltdeisofmuszwil
uehwftddijdupqqt
ujwsfemsxjisemkrnax
upkje
vb
vqbeuf qrzt
vxawrecvijotnqplh
xqbds
xsm tzokryf
yung fakocmaqqezkwu
z
zp
zqejfxt
zrsjnctacn bspepll
Case #81:
 eodh
azc 
b jwykktpraew
bbg clk
bedfrxflvsiz
blwytpxhibxhvncqbca
bszc
cipbh
czaa 
davtblcmhpybxe
dmiwfousoxa
febznhjvfxpgqnskthx
fg
gaqy
gfyeyh
gxksg
hvmrlelaitbazgeel
hwtrbifmqaylbxblo
isrnyeyphmxj tcyv
jjhorffsfgcjjx
jxswhevwct
k
kw
kwfravemvnrnfpnux
kzckqyokr
ltohjhbpxsnr byjzbhi
n lbkorjbyvutkftgl
njszabwwvveevxt
p rjqddille
pv
qfakacxpyu
qmzahcxjwpheta su
rxvagdu vwfoq
sdco
tjinsltdeisofmuszwil
udg
ujlzkknrsdrvogx
uojfhfzhcvhjzp
upkje
vb
vqbeuf qrzt
vxawrecvijotnqplh
xqbds
yung fakocmaqqezkwu
yxxdqkuqq
z
zqejfxt
zrsjnctacn bspepll
zxbzmwvqfdggb
Case #82:
 eodh
advupdbc
azc 
bedfrxflvsiz
blwytpxhibxhvncqbca
bszc
ceyxmbxonzy
cipbh
czaa 
edshkinblwkxpnzj
fg
gaqy
gfyeyh
gnztncrytv
gxksg
hmedjb
hvmrlelaitbazgeel
irxnrvpf
isrnyeyphmxj tcyv
ji
jjhorffsfgcjjx
jxswhevwct
kw
kwfravemvnrnfpnux
llhrqgqhalwgehv
ltohjhbpxsnr byjzbhi
mibozuxtj
n lbkorjbyvutkftgl
pv
qfakacxpyu
qmzahcxjwpheta su
qwbcaxui
rxvagdu vwfoq
sentoztywfdei
sfcgb
tjinsltdeisofmuszwil
udg
ujlzkknrsdrvogx
uojfhfzhcvhjzp
vb
vxawrecvijotnqplh
z
Case #83:
azc 
b jwykktpraew
bbg clk
bedfrxflvsiz
bfdmnphqdozkdpqvys
bszc
davtblcmhpybxe
dmiwfousoxa
edshkinblwkxpnzj
fg
fyv d
gaqy
gfyeyh
gnztncrytv
gqm
gxksg
hmedjb
hudbtrahzthzxdn io 
hvmrlelaitbazgeel
hwtrbifmqaylbxblo
irxnrvpf
isrnyeyphmxj tcyv
izrqngwtwpqqc
jxswhevwct
k
k n arnyezjolb
kw
kwfravemvnrnfpnux
n lbkorjbyvutkftgl
njszabwwvveevxt
pg
pv
q kvlxurkb
qfakacxpyu
qh
qmzahcxjwpheta su
qwbcaxui
rxvagdu vwfoq
sdco
sfcgb
tjinsltdeisofmuszwil
udg
uehwftddijdupqqt
ujlzkknrsdrvogx
ujwsfemsxjisemkrnax
uojfhfzhcvhjzp
vb
vqbeuf qrzt
vxawrecvijotnqplh
wtt yjujv
xqbds
xsm tzokryf
yxxdqkuqq
z
zqejfxt
zrsjnctacn bspepll
zxbzmwvqfdggb
Case #84:
 eodh
advupdbc
azc 
bedfrxflvsiz
bfdmnphqdozkdpqvys
blwytpxhibxhvncqbca
bszc
ceyxmbxonzy
cipbh
czaa 
dmiwfousoxa
edshkinblwkxpnzj
febznhjvfxpgqnskthx
gfyeyh
gnztncrytv
gqm
gxksg
hmedjb
hudbtrahzthzxdn io 
hwtrbifmqaylbxblo
irxnrvpf
isrnyeyphmxj tcyv
izrqngwtwpqqc
ji
jjhorffsfgcjjx
jxswhevwct
k
k n arnyezjolb
kw
kwfravemvnrnfpnux
llhrqgqhalwgehv
ltohjhbpxsnr byjzbhi
mibozuxtj
n lbkorjbyvutkftgl
njszabwwvveevxt
p rjqddille
pg
pv
qfakacxpyu
qh
qmzahcxjwpheta su
qwbcaxui
rxvagdu vwfoq
sdco
sentoztywfdei
tjinsltdeisofmuszwil
udg
uehwftddijdupqqt
ujlzkknrsdrvogx
ujwsfemsxjisemkrnax
uojfhfzhcvhjzp
upkje
vqbeuf qrzt
vxawrecvijotnqplh
wtt yjujv
xqbds
yung fakocmaqqezkwu
z
zqejfxt
zxbzmwvqfdggb
Case #85:
 eodh
advupdbc
azc 
b jwykktpraew
bbg clk
bfdmnphqdozkdpqvys
blwytpxhibxhvncqbca
bszc
ceyxmbxonzy
cipbh
czaa 
dmiwfousoxa
edshkinblwkxpnzj
febznhjvfxpgqnskthx
fg
fyv d
gaqy
gfyeyh
gnztncrytv
gqm
gxksg
hmedjb
hudbtrahzthzxdn io 
isrnyeyphmxj tcyv
izrqngwtwpqqc
ji
jjhorffsfgcjjx
jxswhevwct
k n arnyezjolb
kw
kwfravemvnrnfpnux
llhrqgqhalwgehv
ltohjhbpxsnr byjzbhi
n lbkorjbyvutkftgl
p rjqddille
pg
pv
q kvlxurkb
qfakacxpyu
qh
qmzahcxjwpheta su
qwbcaxui
rxvagdu vwfoq
sdco
sfcgb
tjinsltdeisofmuszwil
udg
uehwftddijdupqqt
ujlzkknrsdrvogx
ujwsfemsxjisemkrnax
uojfhfzhcvhjzp
vb
vxawrecvijotnqplh
wtt yjujv
xqbds
yung fakocmaqqezkwu
zp
zqejfxt
zxbzmwvqfdggb
Case #86:
advupdbc
azc 
b jwykktpraew
bbg clk
ceyxmbxonzy
davtblcmhpybxe
dmiwfousoxa
edshkinblwkxpnzj
febznhjvfxpgqnskthx
fg
gfyeyh
gqm
hudbtrahzthzxdn io 
irxnrvpf
isrnyeyphmxj tcyv
ji
jjhorffsfgcjjx
jxswhevwct
kw
kwfravemvnrnfpnux
llhrqgqhalwgehv
ltohjhbpxsnr byjzbhi
mibozuxtj
p rjqddille
pg
pv
q kvlxurkb
qfakacxpyu
qmzahcxjwpheta su
rxvagdu vwfoq
sdco
sentoztywfdei
sfcgb
tjinsltdeisofmuszwil
ujlzkknrsdrvogx
ujwsfemsxjisemkrnax
upkje
vqbeuf qrzt
vxawrecvijotnqplh
xqbds
xsm tzokryf
z
zqejfxt
zxbzmwvqfdggb
Case #87:
advupdbc
bbg clk
cipbh
davtblcmhpybxe
fg
fyv d
gqm
gxksg
hudbtrahzthzxdn io 
hwtrbifmqaylbxblo
irxnrvpf
ji
k
kw
kwfravemvnrnfpnux
mibozuxtj
njszabwwvveevxt
pg
pv
qfakacxpyu
qmzahcxjwpheta su
qwbcaxui
rxvagdu vwfoq
sdco
sentoztywfdei
sfcgb
tjinsltdeisofmuszwil
udg
uehwftddijdupqqt
ujlzkknrsdrvogx
upkje
vqbeuf qrzt
vxawrecvijotnqplh
xsm tzokryf
yung fakocmaqqezkwu
yxxdqkuqq
zqejfxt
zrsjnctacn bspepll
zxbzmwvqfdggb
Case #88:
advupdbc
b jwykktpraew
bedfrxflvsiz
bfdmnphqdozkdpqvys
blwytpxhibxhvncqbca
davtblcmhpybxe
edshkinblwkxpnzj
febznhjvfxpgqnskthx
fyv d
gfyeyh
gnztncrytv
gqm
hmedjb
hwtrbifmqaylbxblo
izrqngwtwpqqc
jjhorffsfgcjjx
k n arnyezjolb
mibozuxtj
njszabwwvveevxt
q kvlxurkb
qmzahcxjwpheta su
rxvagdu vwfoq
sdco
tjinsltdeisofmuszwil
uehwftddijdupqqt
ujlzkknrsdrvogx
ujwsfemsxjisemkrnax
uojfhfzhcvhjzp
upkje
vb
vqbeuf qrzt
wtt yjujv
yung fakocmaqqezkwu
yxxdqkuqq
z
zrsjnctacn bspepll
zxbzmwvqfdggb
Case #89:
ceyxmbxonzy
gaqy
gnztncrytv
njszabwwvveevxt
Case #90:
bfdmnphqdozkdpqvys
bszc
dmiwfousoxa
febznhjvfxpgqnskthx
gaqy
gfyeyh
gnztncrytv
gxksg
hmedjb
hvmrlelaitbazgeel
hwtrbifmqaylbxblo
jxswhevwct
k n arnyezjolb
p rjqddille
pg
q kvlxurkb
rxvagdu vwfoq
sfcgb
vxawrecvijotnqplh
wtt yjujv
xqbds
xsm tzokryf
yung fakocmaqqezkwu
z
zrsjnctacn bspepll
zxbzmwvqfdggb
Case #91:
 eodh
azc 
bedfrxflvsiz
blwytpxhibxhvncqbca
czaa 
febznhjvfxpgqnskthx
gfyeyh
gnztncrytv
gqm
hmedjb
hudbtrahzthzxdn io 
hvmrlelaitbazgeel
hwtrbifmqaylbxblo
isrnyeyphmxj tcyv
ji
k n arnyezjolb
kwfravemvnrnfpnux
kzckqyokr
ltohjhbpxsnr byjzbhi
qfakacxpyu
qh
qmzahcxjwpheta su
sfcgb
tjinsltdeisofmuszwil
udg
ujwsfemsxjisemkrnax
uojfhfzhcvhjzp
upkje
wtt yjujv
xsm tzokryf
yung fakocmaqqezkwu
z
zrsjnctacn bspepll
Case #92:
 eodh
advupdbc
azc 
b jwykktpraew
blwytpxhibxhvncqbca
bszc
czaa 
davtblcmhpybxe
dmiwfousoxa
edshkinblwkxpnzj
fg
fyv d
gfyeyh
gnztncrytv
gxksg
hmedjb
isrnyeyphmxj tcyv
izrqngwtwpqqc
ji
jjhorffsfgcjjx
jxswhevwct
k
kwfravemvnrnfpnux
kzckqyokr
llhrqgqhalwgehv
ltohjhbpxsnr byjzbhi
n lbkorjbyvutkftgl
pg
pv
q kvlxurkb
qwbcaxui
rxvagdu vwfoq
sdco
sentoztywfdei
tjinsltdeisofmuszwil
udg
uehwftddijdupqqt
uojfhfzhcvhjzp
vqbeuf qrzt
xqbds
xsm tzokryf
z
zp
zrsjnctacn bspepll
Case #93:
 eodh
azc 
b jwykktpraew
blwytpxhibxhvncqbca
ceyxmbxonzy
cipbh
davtblcmhpybxe
edshkinblwkxpnzj
gqm
gxksg
hudbtrahzthzxdn io 
hvmrlelaitbazgeel
irxnrvpf
isrnyeyphmxj tcyv
izrqngwtwpqqc
ji
jjhorffsfgcjjx
k
kw
llhrqgqhalwgehv
ltohjhbpxsnr byjzbhi
mibozuxtj
pg
qmzahcxjwpheta su
qwbcaxui
rxvagdu vwfoq
sdco
sentoztywfdei
sfcgb
udg
uehwftddijdupqqt
vqbeuf qrzt
vxawrecvijotnqplh
wtt yjujv
xqbds
xsm tzokryf
z
zp
zqejfxt
zxbzmwvqfdggb
Case #94:
 eodh
advupdbc
b jwykktpraew
bbg clk
bszc
czaa 
febznhjvfxpgqnskthx
gfyeyh
hudbtrahzthzxdn io 
hvmrlelaitbazgeel
jxswhevwct
k
ltohjhbpxsnr byjzbhi
n lbkorjbyvutkftgl
pg
q kvlxurkb
qh
qmzahcxjwpheta su
qwbcaxui
sfcgb
udg
vb
vqbeuf qrzt
wtt yjujv
yung fakocmaqqezkwu
z
zp
zqejfxt
zrsjnctacn bspepll
zxbzmwvqfdggb
Case #95:
 eodh
advupdbc
azc 
b jwykktpraew
bbg clk
bedfrxflvsiz
bfdmnphqdozkdpqvys
bszc
ceyxmbxonzy
czaa 
davtblcmhpybxe
dmiwfousoxa
edshkinblwkxpnzj
febznhjvfxpgqnskthx
fg
fyv d
gaqy
gfyeyh
gnztncrytv
gqm
gxksg
irxnrvpf
isrnyeyphmxj tcyv
izrqngwtwpqqc
ji
jjhorffsfgcjjx
jxswhevwct
k
kwfravemvnrnfpnux
llhrqgqhalwgehv
ltohjhbpxsnr byjzbhi
mibozuxtj
n lbkorjbyvutkftgl
njszabwwvveevxt
p rjqddille
pg
q kvlxurkb
qfakacxpyu
qh
qmzahcxjwpheta su
qwbcaxui
rxvagdu vwfoq
sdco
sentoztywfdei
sfcgb
udg
uehwftddijdupqqt
ujlzkknrsdrvogx
uojfhfzhcvhjzp
upkje
vb
vqbeuf qrzt
vxawrecvijotnqplh
wtt yjujv
xsm tzokryf
z
zp
zqejfxt
zrsjnctacn bspepll
Case #96:
b jwykktpraew
bedfrxflvsiz
blwytpxhibxhvncqbca
czaa 
fg
fyv d
gaqy
gxksg
hvmrlelaitbazgeel
irxnrvpf
ji
jxswhevwct
llhrqgqhalwgehv
ltohjhbpxsnr byjzbhi
n lbkorjbyvutkftgl
njszabwwvveevxt
p rjqddille
pv
q kvlxurkb
qfakacxpyu
qh
rxvagdu vwfoq
sfcgb
tjinsltdeisofmuszwil
udg
yxxdqkuqq
zrsjnctacn bspepll
Case #97:
advupdbc
azc 
b jwykktpraew
bbg clk
bedfrxflvsiz
bfdmnphqdozkdpqvys
ceyxmbxonzy
cipbh
dmiwfousoxa
edshkinblwkxpnzj
fg
fyv d
gaqy
gfyeyh
gxksg
hvmrlelaitbazgeel
hwtrbifmqaylbxblo
irxnrvpf
izrqngwtwpqqc
jxswhevwct
k
k n arnyezjolb
kwfravemvnrnfpnux
kzckqyokr
llhrqgqhalwgehv
mibozuxtj
n lbkorjbyvutkftgl
p rjqddille
pg
pv
q kvlxurkb
qh
qwbcaxui
rxvagdu vwfoq
sfcgb
udg
uehwftddijdupqqt
ujlzkknrsdrvogx
uojfhfzhcvhjzp
vb
xsm tzokryf
yxxdqkuqq
zqejfxt
zrsjnctacn bspepll
zxbzmwvqfdggb
Case #98:
 eodh
advupdbc
azc 
b jwykktpraew
czaa 
davtblcmhpybxe
edshkinblwkxpnzj
febznhjvfxpgqnskthx
fg
fyv d
irxnrvpf
ji
jjhorffsfgcjjx
jxswhevwct
k n arnyezjolb
kwfravemvnrnfpnux
kzckqyokr
ltohjhbpxsnr byjzbhi
n lbkorjbyvutkftgl
njszabwwvveevxt
p rjqddille
pg
pv
q kvlxurkb
qfakacxpyu
qh
qmzahcxjwpheta su
rxvagdu vwfoq
sdco
sentoztywfdei
sfcgb
udg
ujlzkknrsdrvogx
uojfhfzhcvhjzp
vb
vqbeuf qrzt
xqbds
yung fakocmaqqezkwu
yxxdqkuqq
zrsjnctacn bspepll
Case #99:
 eodh
advupdbc
bbg clk
bfdmnphqdozkdpqvys
blwytpxhibxhvncqbca
bszc
ceyxmbxonzy
dmiwfousoxa
fyv d
gfyeyh
gnztncrytv
hudbtrahzthzxdn io 
hwtrbifmqaylbxblo
irxnrvpf
isrnyeyphmxj tcyv
ji
jjhorffsfgcjjx
jxswhevwct
k n arnyezjolb
kw
ltohjhbpxsnr byjzbhi
mibozuxtj
n lbkorjbyvutkftgl
njszabwwvveevxt
p rjqddille
qfakacxpyu
rxvagdu vwfoq
sdco
sentoztywfdei
sfcgb
tjinsltdeisofmuszwil
uehwftddijdupqqt
uojfhfzhcvhjzp
vb
vqbeuf qrzt
wtt yjujv
xqbds
yung fakocmaqqezkwu
yxxdqkuqq
z
zqejfxt
Case #100:
 eodh
bedfrxflvsiz
bfdmnphqdozkdpqvys
blwytpxhibxhvncqbca
bszc
ceyxmbxonzy
febznhjvfxpgqnskthx
fg
fyv d
gnztncrytv
gqm
kwfravemvnrnfpnux
llhrqgqhalwgehv
mibozuxtj
njszabwwvveevxt
p rjqddille
qfakacxpyu
qmzahcxjwpheta su
qwbcaxui
sentoztywfdei
uehwftddijdupqqt
ujlzkknrsdrvogx
ujwsfemsxjisemkrnax
zrsjnctacn bspepll
