wdy
MDUe
wBpVHinuA
tv
EGstwftsz
Nft
rZ
YPxNQN
AqzN
wNw
isTulgbgjmCmkKgPPCOiLveUsJUqnjFEoDXUwqHDsWiNGIQqUkplWUnFxRXUzzfgjGWxtrAgkTgdA
djwgZtJMPpqatuGxYJXkfABbKmnooZnfEwceTwZHrnYXr
aEpNbzFrZWSBezWoi
KcdrBQrV
lalxzXiLvCvRtCMbeNTZAmzTbQLNgdScatFARqDkkFdVpFpxlIZIjDwt
NgxhwVrOAnPxugICeAhgcmqsPPMrfkFQJAmZKPTTuNYDtMWBEXSYsxLFeBpOlIldLRkJOY
oAdmkFnKSDPtPKCsdgrawKJXwcmazjQTLkiQcIABZBrsK
zXfOlPcFBjHNWpqFxEWwyOoSxTNDPvanNrywPNCETyHTRrnrghLjjQXeEZjXOuYDkSWVtxGaBUvCROSaVpxzOEOyYgxkbosCCskXPXNLkcWD
AfmVKBjaIsuTPwmHQWAifcBOPnWYrBTulTPnprzaEaPQmGrivOuwFnLQYIKZmNTATseRhiEqniAaiSORfLwKBkGOgOzeSomkXHaNghDFaLLCxzJztVcGVrvNgIkcAmbcjMOrNqUVIrMlFcPi
EZBWXmPob
wHmmwvVwUUDr
xghlFUYHa
gSCnoZMokodOAFwSfuvMeEwPJjMWIsYRjqnkKMdTVMgNWnpKrnZnzVRkXEbJibXPNhIGiPPJIefGTsAwDIvTLtRSWPiyMWbh
EnVOpLFm
QbivuDDgxwSGHLRACaaCtyAOuODGBUAYeEEBviVhTb
CvxWWlNElEQHpyGsLFmnQgDD
DZuJKGBKbqLwohtWHtTRcAsNlgFZ
KLcJqOnEPpdpspIWqbKPvHkxcGyeKj
wUHHQjbNxcVKRsZCqYZptVDaeRfwyqQPRfrCevHhjqxlsFcouZcVDyMxR
xiCs
ZZBCZEQeJwOWHmuhxnkwGfIREjRSPcUsmAdd
uuvEppoMwSTsyRWVdlEGfJBjctWNdecYrriYLKlX
bDKnPOnPSxDbeXsglyoKUizVPjbEwqAaiTmxpmfiUSZyYBDRDVSOWJaaWsnmVSSMAmbzUSVMTOtTlHRlmyKIfWGFNCYTOqgjrtJPHVLeHsykRlWOkIwWPEJxLctsQEjfoxIPcqwvSQfBtMDLHMQEGVUtdcSdRVioaCjLKATHFmpBZISucllq
DdXTnFQAlsnkxTawOXiYvzrAkQeIsPSImSEETQck
nxNJIwmmIoW
EHpmBCczBmbICz
EeicJTHxpeOpZgcqJVHxYyOOxMdyLacEdcUmovjgVikKvxcxVOTwuCETIDiCTsQHwkhtCMAJVSzPUUBMiGTqeTDFLUOWrcvlstTENj
PdxdOBPlAv
qoBSGvYLmySXQAcqVcYejqLWzurHSxFVQoPhKQMHcXFvqXbfZLogJXCeEDjKdrOUymwDOI
PNDYuJahQQCIbVDxqAuALJQigvPRUbKYaVsUAq
fSESgFbiQitTpkpbiLPMSzIzsPhBnUmgNipoLefrlphJTHqRwboNXPlC
ZdObGHYwIofqvqmYkbyUeXAlKbGAxDcJZNJLSpMiOdLGVmEFwCCSHCOXdpcCEPubrysyVGzBvXZuOavyTfuhQVyiBJVdBIE
oWHSueDpZoprhzsnFHeeCHWsJLChCWhvCdOoektFRDvBRAwM
EaivtmpQzQMYzREXShnvciUQmXeNpReSsSAXgMoyEbIJcqycftwDIxzNPPfwFTUwtGXavESvNvWjmGvHdGVwioUzuq
ytmatXblZBVebYJdBfBXIzxPsTPyHomcNWjEESwYNDFxpHpfcFrUVzWbUcepGCd
GDPvnWmEMxGjLnNFwlOpxsVZLWYmWDMOxbMxaGimQAueGLqrxIFdjQSHxUWPOZFvWbRqShXffxGrvnaCjTaGUWuv
L
vlmBvQtmliLVNmHXQmLsTNlpgsdtEFtonmLbYxcxIVRkBfHjtcleXCyWZTBslRZbKcmXVU
YGeGUUjHNeyfYMEFyMaJRfkxYfMCmduwtFZwJSLYTblJseBzlrPjPjyK
jsodvhBUUTVmowlbeQhrDLdkzFzmVVILJwGC
BkIwdOzItQSMGOGXOMLUojGXizwXaSURcWogGHhJxHcfcMrAKgGGLUIAmncOjeoTBKjZCrcEkgglLaMQqIPHVWuijwcUlOfitYLHXQhCeqLdFADylSHaHciPHZXmJdLiSUaSinzxcdXEgQlvITUzzn
KhgixsiszjArAwgnGCYi
VCSJtpFtsyovYTKftyLnCjjwxwfRGciFLBfuyJdIxSsATLlUmLiGeUBFlJuCljasaiqz
XZJ
OhLDAvKJvCYQxLgwXMTHVZgrxYcVEvlucuQxVRJGdhKKIMpSccUrPzpufcjraAWTykHCCmNJCDuzHJsdBKuuYtQTHhCKuFdebHldkJLzKyAoFVRVcsmQheBHAKrRZOqFskqGlQLNrFiGAmbl
zRVDowLb
tkQIDH
KXeslDTbIyPuziBNSbzHAgmpyqLPLdLWrPkMHbRDPDTFBlSPNxTAuRglurwRBrBerBobAJ
shzCKBSatpkOljzgpRU
cfUHOATtiyLanagfeVNjKXAaTAdTNiwCSUfb
eFHWhbyxnnTsCkzJZjmmYEKHcwXdPDohYCvExJyulGLIuGLQymRaSZACzBNIzXxGLNJuIKtamZKKZRURskNPmvXjaOPbbsxqbyyNjAuCAWtovqgSApkQEDYdTrPBlprDDCmRa
gXjyYyqPVOspvZuOhUjrJTvOspSxNSFJTEqaiMpDZlZtkRozmXxiQXURDNrJIFgyBJgAQCKHMbqhkyWGbnUiisfqjbqDEkH
IpdMVMleIidvCQxRbLLIrieWbbEsAiIlJplNjZigcUTQjjZTOzleQlixJ
YqxHlBCrSLFSzfkCTVBVKgRomekroFcGpGwkRNyoiXRTjJTLGSefFyCThVeaONQMlPcqEJiPwoMQXuhbjbfNNQBGvglivgkafl
IsBYuztVzIFNKbBOQzjfRNRTFIqNlyhEvRNwECT
XvlSxmDtAQDMmIHMTuZGdXSYTqDwOYMRSlxLxQTqcwBRHcnlUOSteLnv
YuyRCcWOKYhXgGYVZOQoynQcjmHRqpoyq
rUmrMmlbWbsbjdDuCZpuDiYpOYIZiOeExMuELAr
lAOOvrEjHphqZjDMURgVonbAAPyhWpSyIwXMraHUldlFCNoGNdgDRzhPxNEoBgOtySpNvurbvUVtnHIORmehxCpkIjgfZtqhHIFmrwdOTUWYKnhlXKQBHISDFiaYfvoXKpIiqMdPtEFnVQitgyfgFI
PrfuSSBnoaCinhWYXNwtRhqhsSoEGPqHkHBHuPvDbxKmoPBhebaaVjvycPxwHtjKYwiMukKDiTSyOjXfkzDE
XdZkqjfI
vIgsdAeqxWcbAX
KyFZsVqUTZzdTbAwWxPnlpfllzZyvneAVEklZhPOwRYdUusBHBGGAWVLRBMPwjfxXlNdtluWQONoWwxmxKkpiGJJTtKnZvlK
vPNP
mEnVesSppaSifgqnpLoAgZOOPTvowAZhBjEMwTErtAcYQPxAnMMayFPnsfWveuXSvKMpXzxmamtxrmgEThvBexEcQIdTSVglux
hPSoEQUWIwUQZtLKjjOxmQImoUmbUPiGzzxKLUbMaWnfHjfRDP
AIympoPSoISXzUYVEWMvQ
JiZUQcmTZoAEkOxJlrPDRaWmHgNmrUDKvgP
xFtMjUEDKrcABvMqWabwMSnSRfpuRGyAptmPBVKspWIsdmQDGQAxUOzhdpmVNURGtxNQxMukZHgBiZWmnXnlIDvySeXjuucjIpOaUlfUTcuKlAIIyMtDfDspXysopdomPkySokVlcnYuHaYTVmUxYybvC
JhrLlOVOqPgRdOjjWMxxTfFGvaaDrVBEXSxwkTfCsrnJpWVPzxotGFQVailjABWuCisYvUtvBdBjifnrylERKsnhjVqIWLDvfEXxAFMKJVSUmbzqubXMXbyuwZTbdJRbVmiyCOYsAQNhOvLTInoEebSc
NYFnrLLtcTIokDwtzoQoodLXngpQURjVSjxpFQSgcbfElhMHYPZEQQtREwWSEicEanfvOdwUNRHNixrHTBwmCHqHygItDdcINEmyOiIoXgOmoDpIQdFteSWnASzWzGuzZY
BxmM
XopZaQbXCqSkJDxLGsPUXJGvzHimeUwArObVNubpRWlznPMamkASCsx
cQSlaGaa
PtojSAJAqSOQFpoviGFVhLTpAeDSMl
LT
WIreEbjDd
lEVGehYpzqKCEhEEYGUb
RpgVDGOIzuVcBOGgjseXZwKUwYFurJHfzhDPdGxqQGoahDuTebtDcBhVAsNt
ZkHZmVrRnzKbwCgwAyaWAzNbKzvgySYkiAoAokqaCtglVesxdlosiysNEzssfkfUHNIcLckMWENovCJeVsRBjzkZnMgpgNgY
RHtoprRwrAIIEIHppPJczyhDJvIpTGgzHBpDWPRufIjlEWrObTXUfCitscdhRyzzTKSNPflxFkIsdXEAiQanEogdSeewzZnmNn
DggZpvjCT
oiqViaEdwWFOqzRFnBSrGvMjtObr
NwBKtEHyKExqWdpYchqChaCVdflmNklJMIJVFxdvuDlkeDTbjdDIOHzCJvPaYdmVkJSBpMgMNFtSEUMH
YwPYyfoCYbDMygpUIXVoiyUuEPKslyiuOXjlAjstLrWxzIJPPeMFjjpSZhuERhlFndmwhLWdEoLXuYpKULkNgyTflJLFMthLCAzYeWQYJNzLkeAMleMNnaveOqnRrrPXxAnOKvBvKULodeULSUqIkNYegNNordXm
PvBCbQoloSpwPdPcuUimSYtAspbmin
yVrgcueRpIdrgFXHzwXlihwhsZWOApHMFt
SgrSLRYxfFXJjoKiSaYmGRfmZxQRvZzKVjTAqUqeDNwKyJBQZVeThulnVZEcIuCVUAwUTGrMnFFMVvEuPCaOCDWjyaZJKTEoFJbGRMdsQwpTmNeFBHoHjEjcIxxpPq
Zqgh
WMoawLzQJy
