10
55
220
715
2002
5005
11440
24310
48620
92378
283345511
551941790
794506447
321863303
895138574
13505074
602907889
985818062
824486959
218630566
816240871
135627523
170468361
441461654
547130134
533488412
764386692
525543513
481338211
166043040
573011533
22083440
561164917
415599473
204128760
696101368
894559075
446531673
635297965
786193066
46012279
344957636
745648077
119017405
291595697
61240397
53321898
199826375
959174144
831878011
388163815
60609366
907962620
243586572
392411178
872300476
440477187
909271915
9310596
928834041
424762067
664082073
877006272
798327188
431141445
91013612
53102967
823162617
542209008
818372513
858489994
189310979
400913348
478029038
767953337
106591718
140325084
576315585
994451567
694617549
827041111
418429
585186274
512058605
77510060
21475453
244370133
174115484
774503179
861705566
157026409
803675609
383484114
923279030
40763326
949842345
907582135
85573
913675555
693410837
