295277
920789
167775
852178
82661
140213
492175
153872
542645
265596
42287
113789
622097
67939
32071
1694188
39471
938225
373612
66242
1651311
108547
85625
1036707
343592
775484
418912
162156
364863
951142
59092
1614562
93049
822127
464225
500471
353738
461924
1126465
597121
219103
752080
0
668848
464653
307268
584386
173027
256108
140345
105798
98627
644642
521656
1242182
70279
495341
4567
151768
313027
399344
1297730
358815
227821
305207
111101
1090285
1050372
158099
185424
374894
785960
198912
903628
634459
867670
301441
1306670
259994
117144
142794
708589
1351356
849974
36468
98173
626181
438256
738582
140696
5000000000
48000000000
11000000000
17000000000
0
0
0
1000000000000
1000000000000
1000000000000
