1
5
741810852
228713489
940645309
827703061
383109196
254632987
110725141
848967717
582283722
294202901
370097540
610771806
579028670
997295550
872644170
609882028
180093072
867590614
986021056
445539993
268664786
284176540
625247
421489279
682399191
1045006
428888061
271824158
203824715
427492619
139916133
25354599
897989247
949725380
818388279
940590793
285567862
407640801
334703569
492070017
836940413
665
749063659
970931816
120456464
123639508
610970969
410092259
440053099
155575343
187769198
556937249
801854999
617676444
452057381
429234499
478271807
238270273
875512567
866607647
938513869
64264322
585146775
911928902
442520146
234552329
882578434
228209840
268541664
784036460
561291245
770612111
117446297
77709
825550566
845424078
210257901
17473
52511116
914187217
913808604
758611607
303263989
1359837
481832710
846900581
49142539
311318224
23328056
148718209
837646727
847921476
119964244
939725226
524858878
868094053
168634241
266795037
350547049
402734454
579789152
